<?xml version="1.0" encoding="UTF-8"?>
<!-- Generated by org.testng.reporters.JUnitXMLReporter -->
<testsuite ignored="0" hostname="HP-2024" failures="2" tests="2" name="Test" time="4.469" errors="0" timestamp="2025-06-06T17:45:02 CEST">
  <testcase classname="testCases.TC001_RegistrationPage" name="Registeration" time="0.095">
    <failure type="java.lang.AssertionError" message="null">
      <![CDATA[java.lang.AssertionError: null
at testCases.TC001_RegistrationPage.Registeration(TC001_RegistrationPage.java:59)
at java.base/java.util.ArrayList.forEach(ArrayList.java:1597)
... Removed 27 stack frames]]>
    </failure>
  </testcase> <!-- Registeration -->
  <testcase classname="testCases.TC_002LoginTest" name="Verify_login" time="0.029">
    <failure type="java.lang.AssertionError" message="null">
      <![CDATA[java.lang.AssertionError: null
at testCases.TC_002LoginTest.Verify_login(TC_002LoginTest.java:36)
at java.base/java.util.ArrayList.forEach(ArrayList.java:1597)
... Removed 27 stack frames]]>
    </failure>
  </testcase> <!-- Verify_login -->
</testsuite> <!-- Test -->
